[    0.000000] Initializing cgroup subsys cpuset
[    0.000000] Initializing cgroup subsys cpu
[    0.000000] Initializing cgroup subsys cpuacct
[    0.000000] Linux version 4.4.0-127-generic (buildd@lcy01-amd64-023) (gcc version 5.4.0 20160609 (Ubuntu 5.4.0-6ubuntu1~16.04.9) ) #153-Ubuntu SMP Sat May 19 10:58:46 UTC 2018 (Ubuntu 4.4.0-127.153-generic 4.4.128)
[    0.000000] Command line: BOOT_IMAGE=/boot/vmlinuz-4.4.0-127-generic root=LABEL=cloudimg-rootfs ro console=tty1 console=ttyS0
[    0.000000] KERNEL supported cpus:
[    0.000000]   Intel GenuineIntel
[    0.000000]   AMD AuthenticAMD
[    0.000000]   Centaur CentaurHauls
[    0.000000] x86/fpu: xstate_offset[2]:  576, xstate_sizes[2]:  256
[    0.000000] x86/fpu: Supporting XSAVE feature 0x01: 'x87 floating point registers'
[    0.000000] x86/fpu: Supporting XSAVE feature 0x02: 'SSE registers'
[    0.000000] x86/fpu: Supporting XSAVE feature 0x04: 'AVX registers'
[    0.000000] x86/fpu: Enabled xstate features 0x7, context size is 832 bytes, using 'standard' format.
[    0.000000] x86/fpu: Using 'lazy' FPU context switches.
[    0.000000] e820: BIOS-provided physical RAM map:
[    0.000000] BIOS-e820: [mem 0x0000000000000000-0x000000000009fbff] usable
[    0.000000] BIOS-e820: [mem 0x000000000009fc00-0x000000000009ffff] reserved
[    0.000000] BIOS-e820: [mem 0x00000000000f0000-0x00000000000fffff] reserved
[    0.000000] BIOS-e820: [mem 0x0000000000100000-0x000000003ffeffff] usable
[    0.000000] BIOS-e820: [mem 0x000000003fff0000-0x000000003fffffff] ACPI data
[    0.000000] BIOS-e820: [mem 0x00000000fec00000-0x00000000fec00fff] reserved
[    0.000000] BIOS-e820: [mem 0x00000000fee00000-0x00000000fee00fff] reserved
[    0.000000] BIOS-e820: [mem 0x00000000fffc0000-0x00000000ffffffff] reserved
[    0.000000] NX (Execute Disable) protection: active
[    0.000000] SMBIOS 2.5 present.
[    0.000000] Hypervisor detected: KVM
[    0.000000] e820: last_pfn = 0x3fff0 max_arch_pfn = 0x400000000
[    0.000000] MTRR: Disabled
[    0.000000] x86/PAT: MTRRs disabled, skipping PAT initialization too.
[    0.000000] CPU MTRRs all blank - virtualized system.
[    0.000000] x86/PAT: Configuration [0-7]: WB  WT  UC- UC  WB  WT  UC- UC  
[    0.000000] found SMP MP-table at [mem 0x0009fff0-0x0009ffff] mapped at [ffff88000009fff0]
[    0.000000] Scanning 1 areas for low memory corruption
[    0.000000] RAMDISK: [mem 0x36aa6000-0x3754afff]
[    0.000000] ACPI: Early table checksum verification disabled
[    0.000000] ACPI: RSDP 0x00000000000E0000 000024 (v02 VBOX  )
[    0.000000] ACPI: XSDT 0x000000003FFF0030 00003C (v01 VBOX   VBOXXSDT 00000001 ASL  00000061)
[    0.000000] ACPI: FACP 0x000000003FFF00F0 0000F4 (v04 VBOX   VBOXFACP 00000001 ASL  00000061)
[    0.000000] ACPI: DSDT 0x000000003FFF0470 0021FF (v02 VBOX   VBOXBIOS 00000002 INTL 20160108)
[    0.000000] ACPI: FACS 0x000000003FFF0200 000040
[    0.000000] ACPI: FACS 0x000000003FFF0200 000040
[    0.000000] ACPI: APIC 0x000000003FFF0240 00005C (v02 VBOX   VBOXAPIC 00000001 ASL  00000061)
[    0.000000] ACPI: SSDT 0x000000003FFF02A0 0001CC (v01 VBOX   VBOXCPUT 00000002 INTL 20160108)
[    0.000000] No NUMA configuration found
[    0.000000] Faking a node at [mem 0x0000000000000000-0x000000003ffeffff]
[    0.000000] NODE_DATA(0) allocated [mem 0x3ffeb000-0x3ffeffff]
[    0.000000] kvm-clock: Using msrs 4b564d01 and 4b564d00
[    0.000000] kvm-clock: cpu 0, msr 0:3ffe3001, primary cpu clock
[    0.000000] kvm-clock: using sched offset of 3441490873 cycles
[    0.000000] clocksource: kvm-clock: mask: 0xffffffffffffffff max_cycles: 0x1cd42e4dffb, max_idle_ns: 881590591483 ns
[    0.000000] Zone ranges:
[    0.000000]   DMA      [mem 0x0000000000001000-0x0000000000ffffff]
[    0.000000]   DMA32    [mem 0x0000000001000000-0x000000003ffeffff]
[    0.000000]   Normal   empty
[    0.000000]   Device   empty
[    0.000000] Movable zone start for each node
[    0.000000] Early memory node ranges
[    0.000000]   node   0: [mem 0x0000000000001000-0x000000000009efff]
[    0.000000]   node   0: [mem 0x0000000000100000-0x000000003ffeffff]
[    0.000000] Initmem setup node 0 [mem 0x0000000000001000-0x000000003ffeffff]
[    0.000000] ACPI: PM-Timer IO Port: 0x4008
[    0.000000] IOAPIC[0]: apic_id 2, version 32, address 0xfec00000, GSI 0-23
[    0.000000] ACPI: INT_SRC_OVR (bus 0 bus_irq 0 global_irq 2 dfl dfl)
[    0.000000] ACPI: INT_SRC_OVR (bus 0 bus_irq 9 global_irq 9 high level)
[    0.000000] Using ACPI (MADT) for SMP configuration information
[    0.000000] smpboot: Allowing 2 CPUs, 0 hotplug CPUs
[    0.000000] PM: Registered nosave memory: [mem 0x00000000-0x00000fff]
[    0.000000] PM: Registered nosave memory: [mem 0x0009f000-0x0009ffff]
[    0.000000] PM: Registered nosave memory: [mem 0x000a0000-0x000effff]
[    0.000000] PM: Registered nosave memory: [mem 0x000f0000-0x000fffff]
[    0.000000] e820: [mem 0x40000000-0xfebfffff] available for PCI devices
[    0.000000] Booting paravirtualized kernel on KVM
[    0.000000] clocksource: refined-jiffies: mask: 0xffffffff max_cycles: 0xffffffff, max_idle_ns: 7645519600211568 ns
[    0.000000] setup_percpu: NR_CPUS:512 nr_cpumask_bits:512 nr_cpu_ids:2 nr_node_ids:1
[    0.000000] PERCPU: Embedded 34 pages/cpu @ffff88003fc00000 s99544 r8192 d31528 u1048576
[    0.000000] PV qspinlock hash table entries: 256 (order: 0, 4096 bytes)
[    0.000000] Built 1 zonelists in Node order, mobility grouping on.  Total pages: 257912
[    0.000000] Policy zone: DMA32
[    0.000000] Kernel command line: BOOT_IMAGE=/boot/vmlinuz-4.4.0-127-generic root=LABEL=cloudimg-rootfs ro console=tty1 console=ttyS0
[    0.000000] PID hash table entries: 4096 (order: 3, 32768 bytes)
[    0.000000] Memory: 1001620K/1048120K available (8537K kernel code, 1313K rwdata, 4000K rodata, 1512K init, 1316K bss, 46500K reserved, 0K cma-reserved)
[    0.000000] SLUB: HWalign=64, Order=0-3, MinObjects=0, CPUs=2, Nodes=1
[    0.000000] Kernel/User page tables isolation: enabled
[    0.000000] Hierarchical RCU implementation.
[    0.000000] 	Build-time adjustment of leaf fanout to 64.
[    0.000000] 	RCU restricting CPUs from NR_CPUS=512 to nr_cpu_ids=2.
[    0.000000] RCU: Adjusting geometry for rcu_fanout_leaf=64, nr_cpu_ids=2
[    0.000000] NR_IRQS:33024 nr_irqs:440 16
[    0.000000] Console: colour VGA+ 80x25
[    0.000000] console [tty1] enabled
[    0.000000] console [ttyS0] enabled
[    0.000000] tsc: Detected 2491.904 MHz processor
[    0.417885] Calibrating delay loop (skipped) preset value.. 4983.80 BogoMIPS (lpj=9967616)
[    0.419805] pid_max: default: 32768 minimum: 301
[    0.420895] ACPI: Core revision 20150930
[    0.422775] ACPI: 2 ACPI AML tables successfully acquired and loaded
[    0.424266] Security Framework initialized
[    0.425273] Yama: becoming mindful.
[    0.426128] AppArmor: AppArmor initialized
[    0.427141] Dentry cache hash table entries: 131072 (order: 8, 1048576 bytes)
[    0.429361] Inode-cache hash table entries: 65536 (order: 7, 524288 bytes)
[    0.436132] Mount-cache hash table entries: 2048 (order: 2, 16384 bytes)
[    0.437614] Mountpoint-cache hash table entries: 2048 (order: 2, 16384 bytes)
[    0.439330] Initializing cgroup subsys io
[    0.440263] Initializing cgroup subsys memory
[    0.441297] Initializing cgroup subsys devices
[    0.442299] Initializing cgroup subsys freezer
[    0.443315] Initializing cgroup subsys net_cls
[    0.444325] Initializing cgroup subsys perf_event
[    0.445435] Initializing cgroup subsys net_prio
[    0.446447] Initializing cgroup subsys hugetlb
[    0.447444] Initializing cgroup subsys pids
[    0.448468] CPU: Physical Processor ID: 0
[    0.449465] CPU: Processor Core ID: 0
[    0.450341] mce: CPU supports 0 MCE banks
[    0.451280] Last level iTLB entries: 4KB 512, 2MB 8, 4MB 8
[    0.452458] Last level dTLB entries: 4KB 512, 2MB 32, 4MB 32, 1GB 0
[    0.453839] Spectre V2 : Mitigation: Full generic retpoline
[    0.455066] Spectre V2 : Speculation control IBPB not-supported IBRS not-supported
[    0.456595] Speculative Store Bypass: Vulnerable
[    0.459962] Freeing SMP alternatives memory: 32K
[    0.469334] ftrace: allocating 32237 entries in 126 pages
[    0.631228] smpboot: APIC(0) Converting physical 0 to logical package 0
[    0.697348] smpboot: Max logical packages: 1
[    0.698436] x2apic enabled
[    0.699258] Switched APIC routing to physical x2apic.
[    0.701340] ..TIMER: vector=0x30 apic1=0 pin1=2 apic2=-1 pin2=-1
[    0.808811] smpboot: CPU0: Intel(R) Core(TM) i5-2520M CPU @ 2.50GHz (family: 0x6, model: 0x2a, stepping: 0x7)
[    0.893385] Performance Events: unsupported p6 CPU model 42 no PMU driver, software events only.
[    0.900481] KVM setup paravirtual spinlock
[    0.902082] x86: Booting SMP configuration:
[    0.905898] .... node  #0, CPUs:      #1
[    0.906983] kvm-clock: cpu 1, msr 0:3ffe3041, secondary cpu clock
[    0.907744] mce: CPU supports 0 MCE banks
[    0.910219] x86: Booted up 1 node, 2 CPUs
[    0.911380] smpboot: Total of 2 processors activated (9967.61 BogoMIPS)
[    0.913270] devtmpfs: initialized
[    0.916767] evm: security.selinux
[    0.917708] evm: security.SMACK64
[    0.918577] evm: security.SMACK64EXEC
[    0.919462] evm: security.SMACK64TRANSMUTE
[    0.920433] evm: security.SMACK64MMAP
[    0.921312] evm: security.ima
[    0.922057] evm: security.capability
[    0.923146] clocksource: jiffies: mask: 0xffffffff max_cycles: 0xffffffff, max_idle_ns: 7645041785100000 ns
[    0.925290] futex hash table entries: 512 (order: 3, 32768 bytes)
[    0.927876] pinctrl core: initialized pinctrl subsystem
[    0.929268] RTC time: 11:38:32, date: 05/25/18
[    0.930490] NET: Registered protocol family 16
[    0.941073] cpuidle: using governor ladder
[    0.952534] cpuidle: using governor menu
[    0.955288] PCCT header not found.
[    0.956870] ACPI: bus type PCI registered
[    0.958544] acpiphp: ACPI Hot Plug PCI Controller Driver version: 0.5
[    0.966580] PCI: Using configuration type 1 for base access
[    0.985359] ACPI: Added _OSI(Module Device)
[    0.991834] ACPI: Added _OSI(Processor Device)
[    0.992776] ACPI: Added _OSI(3.0 _SCP Extensions)
[    0.998397] ACPI: Added _OSI(Processor Aggregator Device)
[    1.035827] ACPI: Executed 1 blocks of module-level executable AML code
[    1.050503] ACPI: Interpreter enabled
[    1.056665] ACPI: (supports S0 S5)
[    1.058199] ACPI: Using IOAPIC for interrupt routing
[    1.060433] PCI: Using host bridge windows from ACPI; if necessary, use "pci=nocrs" and report a bug
[    1.065975] ACPI: PCI Root Bridge [PCI0] (domain 0000 [bus 00-ff])
[    1.068308] acpi PNP0A03:00: _OSC: OS supports [ASPM ClockPM Segments MSI]
[    1.070074] acpi PNP0A03:00: _OSC: not requesting OS control; OS requires [ExtendedConfig ASPM ClockPM MSI]
[    1.090766] acpi PNP0A03:00: fail to add MMCONFIG information, can't access extended PCI configuration space under this bridge.
[    1.099310] PCI host bridge to bus 0000:00
[    1.100081] pci_bus 0000:00: root bus resource [io  0x0000-0x0cf7 window]
[    1.101268] pci_bus 0000:00: root bus resource [io  0x0d00-0xffff window]
[    1.102540] pci_bus 0000:00: root bus resource [mem 0x000a0000-0x000bffff window]
[    1.111829] pci_bus 0000:00: root bus resource [mem 0x40000000-0xffdfffff window]
[    1.113561] pci_bus 0000:00: root bus resource [bus 00-ff]
[    1.116237] pci 0000:00:01.1: legacy IDE quirk: reg 0x10: [io  0x01f0-0x01f7]
[    1.117939] pci 0000:00:01.1: legacy IDE quirk: reg 0x14: [io  0x03f6]
[    1.119380] pci 0000:00:01.1: legacy IDE quirk: reg 0x18: [io  0x0170-0x0177]
[    1.130073] pci 0000:00:01.1: legacy IDE quirk: reg 0x1c: [io  0x0376]
[    1.198041] pci 0000:00:07.0: quirk: [io  0x4000-0x403f] claimed by PIIX4 ACPI
[    1.221751] pci 0000:00:07.0: quirk: [io  0x4100-0x410f] claimed by PIIX4 SMB
[    1.239642] ACPI: PCI Interrupt Link [LNKA] (IRQs 5 9 10 *11)
[    1.247925] ACPI: PCI Interrupt Link [LNKB] (IRQs 5 9 10 *11)
[    1.261166] ACPI: PCI Interrupt Link [LNKC] (IRQs 5 9 *10 11)
[    1.267899] ACPI: PCI Interrupt Link [LNKD] (IRQs 5 *9 10 11)
[    1.269782] ACPI: Enabled 2 GPEs in block 00 to 07
[    1.277842] vgaarb: setting as boot device: PCI:0000:00:02.0
[    1.313229] vgaarb: device added: PCI:0000:00:02.0,decodes=io+mem,owns=io+mem,locks=none
[    1.318078] vgaarb: loaded
[    1.326231] vgaarb: bridge control possible 0000:00:02.0
[    1.327498] SCSI subsystem initialized
[    1.328399] ACPI: bus type USB registered
[    1.330293] usbcore: registered new interface driver usbfs
[    1.331251] usbcore: registered new interface driver hub
[    1.332202] usbcore: registered new device driver usb
[    1.336120] PCI: Using ACPI for IRQ routing
[    1.343602] NetLabel: Initializing
[    1.344292] NetLabel:  domain hash size = 128
[    1.346434] NetLabel:  protocols = UNLABELED CIPSOv4
[    1.347322] NetLabel:  unlabeled traffic allowed by default
[    1.348429] amd_nb: Cannot enumerate AMD northbridges
[    1.350464] clocksource: Switched to clocksource kvm-clock
[    1.365329] AppArmor: AppArmor Filesystem Enabled
[    1.376954] pnp: PnP ACPI init
[    1.378367] pnp: PnP ACPI: found 3 devices
[    1.389994] clocksource: acpi_pm: mask: 0xffffff max_cycles: 0xffffff, max_idle_ns: 2085701024 ns
[    1.403481] NET: Registered protocol family 2
[    1.404587] TCP established hash table entries: 8192 (order: 4, 65536 bytes)
[    1.422868] TCP bind hash table entries: 8192 (order: 5, 131072 bytes)
[    1.423962] TCP: Hash tables configured (established 8192 bind 8192)
[    1.425044] UDP hash table entries: 512 (order: 2, 16384 bytes)
[    1.426051] UDP-Lite hash table entries: 512 (order: 2, 16384 bytes)
[    1.427172] NET: Registered protocol family 1
[    1.427992] pci 0000:00:00.0: Limiting direct PCI/PCI transfers
[    1.429819] pci 0000:00:01.0: Activating ISA DMA hang workarounds
[    1.432002] Unpacking initramfs...
[    3.267213] Freeing initrd memory: 10900K
[    3.289227] RAPL PMU detected, API unit is 2^-32 Joules, 3 fixed counters 10737418240 ms ovfl timer
[    3.293145] hw unit of domain pp0-core 2^-0 Joules
[    3.307559] hw unit of domain package 2^-0 Joules
[    3.308629] hw unit of domain pp1-gpu 2^-0 Joules
[    3.309811] platform rtc_cmos: registered platform RTC device (no PNP device found)
[    3.311606] Scanning for low memory corruption every 60 seconds
[    3.313528] audit: initializing netlink subsys (disabled)
[    3.315859] audit: type=2000 audit(1527248319.052:1): initialized
[    3.319372] Initialise system trusted keyring
[    3.320343] HugeTLB registered 2 MB page size, pre-allocated 0 pages
[    3.334023] zbud: loaded
[    3.334964] VFS: Disk quotas dquot_6.6.0
[    3.335756] VFS: Dquot-cache hash table entries: 512 (order 0, 4096 bytes)
[    3.337138] squashfs: version 4.0 (2009/01/31) Phillip Lougher
[    3.338479] fuse init (API version 7.23)
[    3.339452] Key type big_key registered
[    3.340225] Allocating IMA MOK and blacklist keyrings.
[    3.362647] Key type asymmetric registered
[    3.376226] Asymmetric key parser 'x509' registered
[    3.389343] Block layer SCSI generic (bsg) driver version 0.4 loaded (major 249)
[    3.401722] io scheduler noop registered
[    3.402665] io scheduler deadline registered (default)
[    3.412701] io scheduler cfq registered
[    3.413558] pci_hotplug: PCI Hot Plug PCI Core version: 0.5
[    3.426599] pciehp: PCI Express Hot Plug Controller Driver version: 0.4
[    3.428194] ACPI: AC Adapter [AC] (on-line)
[    3.436423] input: Power Button as /devices/LNXSYSTM:00/LNXPWRBN:00/input/input0
[    3.441329] ACPI: Power Button [PWRF]
[    3.443362] input: Sleep Button as /devices/LNXSYSTM:00/LNXSLPBN:00/input/input1
[    3.445191] ACPI: Sleep Button [SLPF]
[    3.446348] GHES: HEST is not enabled!
[    3.447023] ACPI: Battery Slot [BAT0] (battery present)
[    3.448635] Serial: 8250/16550 driver, 32 ports, IRQ sharing enabled
[    3.483728] 00:02: ttyS0 at I/O 0x3f8 (irq = 4, base_baud = 115200) is a 16550A
[    3.491325] Linux agpgart interface v0.103
[    3.494329] loop: module loaded
[    3.496830] scsi host0: ata_piix
[    3.499461] scsi host1: ata_piix
[    3.502994] ata1: PATA max UDMA/33 cmd 0x1f0 ctl 0x3f6 bmdma 0xd000 irq 14
[    3.504480] ata2: PATA max UDMA/33 cmd 0x170 ctl 0x376 bmdma 0xd008 irq 15
[    3.506175] libphy: Fixed MDIO Bus: probed
[    3.508299] tun: Universal TUN/TAP device driver, 1.6
[    3.509477] tun: (C) 1999-2004 Max Krasnyansky <maxk@qualcomm.com>
[    3.510960] PPP generic driver version 2.4.2
[    3.512090] ehci_hcd: USB 2.0 'Enhanced' Host Controller (EHCI) Driver
[    3.513528] ehci-pci: EHCI PCI platform driver
[    3.514622] ehci-platform: EHCI generic platform driver
[    3.515838] ohci_hcd: USB 1.1 'Open' Host Controller (OHCI) Driver
[    3.519191] ohci-pci: OHCI PCI platform driver
[    3.520281] ohci-platform: OHCI generic platform driver
[    3.521476] uhci_hcd: USB Universal Host Controller Interface driver
[    3.522891] i8042: PNP: PS/2 Controller [PNP0303:PS2K,PNP0f03:PS2M] at 0x60,0x64 irq 1,12
[    3.525191] serio: i8042 KBD port at 0x60,0x64 irq 1
[    3.526350] serio: i8042 AUX port at 0x60,0x64 irq 12
[    3.527729] mousedev: PS/2 mouse device common for all mice
[    3.529389] input: AT Translated Set 2 keyboard as /devices/platform/i8042/serio0/input/input2
[    3.531884] rtc_cmos rtc_cmos: rtc core: registered rtc_cmos as rtc0
[    3.533353] rtc_cmos rtc_cmos: alarms up to one day, 114 bytes nvram
[    3.534777] i2c /dev entries driver
[    3.535728] device-mapper: uevent: version 1.0.3
[    3.536938] device-mapper: ioctl: 4.34.0-ioctl (2015-10-28) initialised: dm-devel@redhat.com
[    3.538930] ledtrig-cpu: registered to indicate activity on CPUs
[    3.546145] NET: Registered protocol family 10
[    3.548436] NET: Registered protocol family 17
[    3.551492] Key type dns_resolver registered
[    3.557327] registered taskstats version 1
[    3.559673] Loading compiled-in X.509 certificates
[    3.561782] Loaded X.509 cert 'Build time autogenerated kernel key: 9f6f572a3ee0cb468eb8db4aa61815bc74ef6adb'
[    3.565121] zswap: loaded using pool lzo/zbud
[    3.576949] Key type trusted registered
[    3.588558] Key type encrypted registered
[    3.700385] AppArmor: AppArmor sha1 policy hashing enabled
[    3.806342] ima: No TPM chip found, activating TPM-bypass!
[    3.807655] evm: HMAC attrs: 0x1
[    3.808854]   Magic number: 2:619:631
[    3.809885] rtc_cmos rtc_cmos: setting system clock to 2018-05-25 11:38:35 UTC (1527248315)
[    3.811983] BIOS EDD facility v0.16 2004-Jun-25, 0 devices found
[    3.813275] EDD information not available.
[    3.815765] Freeing unused kernel memory: 1512K
[    3.819529] Write protecting the kernel read-only data: 14336k
[    3.821450] Freeing unused kernel memory: 1692K
[    3.823903] Freeing unused kernel memory: 96K
Loading, please wait...
starting version[    3.843789] random: systemd-udevd: uninitialized urandom read (16 bytes read, 2 bits of entropy available)
 229
[    3.844512] random: udevadm: uninitialized urandom read (16 bytes read, 2 bits of entropy available)
[    3.844542] random: udevadm: uninitialized urandom read (16 bytes read, 2 bits of entropy available)
[    3.859660] random: udevadm: uninitialized urandom read (16 bytes read, 2 bits of entropy available)
[    3.859724] random: udevadm: uninitialized urandom read (16 bytes read, 2 bits of entropy available)
[    3.859950] random: udevadm: uninitialized urandom read (16 bytes read, 2 bits of entropy available)
[    3.860038] random: udevadm: uninitialized urandom read (16 bytes read, 2 bits of entropy available)
[    3.860127] random: udevadm: uninitialized urandom read (16 bytes read, 2 bits of entropy available)
[    3.860215] random: udevadm: uninitialized urandom read (16 bytes read, 2 bits of entropy available)
[    3.860303] random: udevadm: uninitialized urandom read (16 bytes read, 2 bits of entropy available)
[    3.938974] Fusion MPT base driver 3.04.20
[    3.949936] Copyright (c) 1999-2008 LSI Corporation
[    3.966207] e1000: Intel(R) PRO/1000 Network Driver - version 7.3.21-k8-NAPI
[    3.979021] e1000: Copyright (c) 1999-2006 Intel Corporation.
[    4.027061] AVX version of gcm_enc/dec engaged.
[    4.175234] AES CTR mode by8 optimization enabled
[    4.179554] Fusion MPT SPI Host driver 3.04.20
[    4.184888] input: ImExPS/2 Generic Explorer Mouse as /devices/platform/i8042/serio1/input/input4
[    4.306538] tsc: Refined TSC clocksource calibration: 2490.345 MHz
[    4.467199] clocksource: tsc: mask: 0xffffffffffffffff max_cycles: 0x23e59930017, max_idle_ns: 440795260409 ns
[    4.533267] e1000 0000:00:03.0 eth0: (PCI:33MHz:32-bit) 02:8b:bc:1c:8c:d0
[    4.839854] e1000 0000:00:03.0 eth0: Intel(R) PRO/1000 Network Connection
[    5.195619] e1000 0000:00:08.0 eth1: (PCI:33MHz:32-bit) 08:00:27:76:63:e0
[    5.220639] e1000 0000:00:08.0 eth1: Intel(R) PRO/1000 Network Connection
[    5.224711] e1000 0000:00:08.0 enp0s8: renamed from eth1
[    5.263940] mptbase: ioc0: Initiating bringup
[    5.294998] e1000 0000:00:03.0 enp0s3: renamed from eth0
[    5.369000] ioc0: LSI53C1030 A0: Capabilities={Initiator}
[    5.542890] scsi host2: ioc0: LSI53C1030 A0, FwRev=00000000h, Ports=1, MaxQ=256, IRQ=20
[    5.675861] scsi 2:0:0:0: Direct-Access     VBOX     HARDDISK         1.0  PQ: 0 ANSI: 5
[    5.686826] scsi target2:0:0: Beginning Domain Validation
[    5.699980] scsi target2:0:0: Domain Validation skipping write tests
[    5.701313] scsi target2:0:0: Ending Domain Validation
[    5.702512] scsi target2:0:0: asynchronous
[    5.703966] scsi 2:0:1:0: Direct-Access     VBOX     HARDDISK         1.0  PQ: 0 ANSI: 5
[    5.705807] scsi target2:0:1: Beginning Domain Validation
[    5.707831] scsi target2:0:1: Domain Validation skipping write tests
[    5.709172] scsi target2:0:1: Ending Domain Validation
[    5.710376] scsi target2:0:1: asynchronous
[    5.717707] sd 2:0:0:0: [sda] 20971520 512-byte logical blocks: (10.7 GB/10.0 GiB)
[    5.717992] sd 2:0:0:0: Attached scsi generic sg0 type 0
[    5.721667] sd 2:0:0:0: [sda] Write Protect is off
[    5.729181] sd 2:0:1:0: Attached scsi generic sg1 type 0
[    5.730464] sd 2:0:1:0: [sdb] 20480 512-byte logical blocks: (10.5 MB/10.0 MiB)
[    5.730711] sd 2:0:0:0: [sda] Incomplete mode parameter data
[    5.730713] sd 2:0:0:0: [sda] Assuming drive cache: write through
[    5.734908] sd 2:0:1:0: [sdb] Write Protect is off
[    5.736151] sd 2:0:1:0: [sdb] Incomplete mode parameter data
[    5.737136] sd 2:0:1:0: [sdb] Assuming drive cache: write through
[    5.740645]  sda: sda1
[    5.743854] sd 2:0:0:0: [sda] Attached SCSI disk
[    5.759258] sd 2:0:1:0: [sdb] Attached SCSI disk
Begin: Loading e[    7.349627] md: linear personality registered for level -1
ssential drivers ... [    7.457343] md: multipath personality registered for level -4
[    7.467811] md: raid0 personality registered for level 0
[    7.474305] md: raid1 personality registered for level 1
[    7.550917] raid6: sse2x1   gen()  4041 MB/s
[    7.702782] raid6: sse2x1   xor()  5050 MB/s
[    7.779369] raid6: sse2x2   gen() 10630 MB/s
[    7.889345] raid6: sse2x2   xor()  7555 MB/s
[    7.958600] raid6: sse2x4   gen() 10791 MB/s
[    8.039375] raid6: sse2x4   xor()  6720 MB/s
[    8.042680] raid6: using algorithm sse2x4 gen() 10791 MB/s
[    8.059989] raid6: .... xor() 6720 MB/s, rmw enabled
[    8.061073] raid6: using ssse3x2 recovery algorithm
[    8.064673] xor: automatically using best checksumming function:
[    8.114480]    avx       : 16395.000 MB/sec
[    8.122005] async_tx: api initialized (async)
[    8.163483] md: raid6 personality registered for level 6
[    8.200091] md: raid5 personality registered for level 5
[    8.419764] md: raid4 personality registered for level 4
[    8.733654] md: raid10 personality registered for level 10
done.
Begin: Running /scripts/init-premount ... done.
Begin: Mounting root file system ... Begin: Running /scripts/local-top ... done.
Begin: Running /scripts/local-premount ... [    8.783201] Btrfs loaded
Scanning for Btrfs filesystems
done.
Warning: fsck not present, so skipping root file system
[    9.081913] EXT4-fs (sda1): mounted filesystem with ordered data mode. Opts: (null)
done.
Begin: Running /scripts/local-bottom ... done.
Begin: Running /scripts/init-bottom ... done.
[    9.807915] systemd[1]: systemd 229 running in system mode. (+PAM +AUDIT +SELINUX +IMA +APPARMOR +SMACK +SYSVINIT +UTMP +LIBCRYPTSETUP +GCRYPT +GNUTLS +ACL +XZ -LZ4 +SECCOMP +BLKID +ELFUTILS +KMOD -IDN)
[    9.822476] systemd[1]: Detected virtualization oracle.
[   10.039881] systemd[1]: Detected architecture x86-64.

Welcome to [1mUbuntu 16.04.4 LTS[0m!

[   10.033331] systemd[1]: Set hostname to <ubuntu>.
[   10.202218] systemd[1]: Initializing machine ID from random generator.
[   10.220849] systemd[1]: Installed transient /etc/machine-id file.
[   10.482600] random: nonblocking pool is initialized
[   10.834797] systemd[1]: Reached target System Time Synchronized.
[[0;32m  OK  [0m] Reached target System Time Synchronized.
[   10.844688] systemd[1]: Reached target Encrypted Volumes.
[[0;32m  OK  [0m] Reached target Encrypted Volumes.
[   10.848385] systemd[1]: Started Forward Password Requests to Wall Directory Watch.
[[0;32m  OK  [0m] Started Forward Password Requests to Wall Directory Watch.
[   10.852992] systemd[1]: Listening on udev Kernel Socket.
[[0;32m  OK  [0m] Listening on udev Kernel Socket.
[   10.874910] systemd[1]: Listening on Journal Socket (/dev/log).
[[0;32m  OK  [0m] Listening on Journal Socket (/dev/log).
[   10.943192] systemd[1]: Listening on Syslog Socket.
[[0;32m  OK  [0m] Listening on Syslog Socket.
[   11.022378] systemd[1]: Reached target User and Group Name Lookups.
[[0;32m  OK  [0m] Reached target User and Group Name Lookups.
[   11.025076] systemd[1]: Listening on /dev/initctl Compatibility Named Pipe.
[[0;32m  OK  [0m] Listening on /dev/initctl Compatibility Named Pipe.
[   11.028038] systemd[1]: Started Trigger resolvconf update for networkd DNS.
[[0;32m  OK  [0m] Started Trigger resolvconf update for networkd DNS.
[   11.108873] systemd[1]: Listening on Device-mapper event daemon FIFOs.
[[0;32m  OK  [0m] Listening on Device-mapper event daemon FIFOs.
[   11.111811] systemd[1]: Listening on LVM2 poll daemon socket.
[[0;32m  OK  [0m] Listening on LVM2 poll daemon socket.
[   11.124683] systemd[1]: Listening on udev Control Socket.
[[0;32m  OK  [0m] Listening on udev Control Socket.
[   11.192448] systemd[1]: Listening on Journal Audit Socket.
[[0;32m  OK  [0m] Listening on Journal Audit Socket.
[   11.197871] systemd[1]: Listening on LVM2 metadata daemon socket.
[[0;32m  OK  [0m] Listening on LVM2 metadata daemon socket.
[   11.202724] systemd[1]: Listening on Journal Socket.
[[0;32m  OK  [0m] Listening on Journal Socket.
[   11.205352] systemd[1]: Created slice User and Session Slice.
[[0;32m  OK  [0m] Created slice User and Session Slice.
[   11.207868] systemd[1]: Set up automount Arbitrary Executable File Formats File System Automount Point.
[[0;32m  OK  [0m] Set up automount Arbitrary Executab...ats File System Automount Point.
[   11.211402] systemd[1]: Reached target Swap.
[[0;32m  OK  [0m] Reached target Swap.
[   11.213704] systemd[1]: Created slice System Slice.
[[0;32m  OK  [0m] Created slice System Slice.
[   11.239299] systemd[1]: Starting Remount Root and Kernel File Systems...
         Starting Remount Root and Kernel File Systems...
[   11.266348] systemd[1]: Starting Monitoring of LVM2 mirrors, snapshots etc. using dmeventd or progress polling...
[   11.267081] EXT4-fs (sda1): re-mounted. Opts: (null)
         Starting Monitoring of LVM2 mirrors... dmeventd or progress polling...
[   11.305668] systemd[1]: Starting Create list of required static device nodes for the current kernel...
         Starting Create list of required st... nodes for the current kernel...
[   11.314400] systemd[1]: Reached target Slices.
[[0;32m  OK  [0m] Reached target Slices.
[   11.374916] systemd[1]: Starting Load Kernel Modules...
         Starting Load Kernel Modules...
[   11.388595] systemd[1]: Mounting POSIX Message Queue File System...
[   11.547325] Loading iSCSI transport class v2.0-870.
         Mounting POSIX Message Queue File System...
[   11.569988] iscsi: registered transport (tcp)
[   11.590942] systemd[1]: Starting Set console keymap...
         Starting Set console keymap...
[   11.608519] systemd[1]: Mounting Debug File System...
         Mounting Debug File System...
[   11.647090] systemd[1]: Starting Uncomplicated firewall...
         Starting Uncomplicated firewall...
[   11.656008] systemd[1]: Starting Journal Service...
[   11.671968] iscsi: registered transport (iser)
         Starting Journal Service...
[   11.683663] systemd[1]: Created slice system-serial\x2dgetty.slice.
[[0;32m  OK  [0m] Created slice system-serial\x2dgetty.slice.
[   11.694897] systemd[1]: Mounting Huge Pages File System...
         Mounting Huge Pages File System...
[   11.743119] systemd[1]: Starting Nameserver information manager...
         Starting Nameserver information manager...
[   11.792611] systemd[1]: Mounted Huge Pages File System.
[[0;32m  OK  [0m] Mounted Huge Pages File System.
[   11.867654] systemd[1]: Mounted Debug File System.
[[0;32m  OK  [0m] Mounted Debug File System.
[   11.870799] systemd[1]: Mounted POSIX Message Queue File System.
[[0;32m  OK  [0m] Mounted POSIX Message Queue File System.
[   11.874490] systemd[1]: Started Journal Service.
[[0;32m  OK  [0m] Started Journal Service.
[[0;32m  OK  [0m] Started Remount Root and Kernel File Systems.
[[0;32m  OK  [0m] Started Create list of required sta...ce nodes for the current kernel.
[[0;32m  OK  [0m] Started Load Kernel Modules.
[[0;32m  OK  [0m] Started Set console keymap.
[[0;32m  OK  [0m] Started Uncomplicated firewall.
[[0;32m  OK  [0m] Started Nameserver information manager.
[[0;32m  OK  [0m] Started LVM2 metadata daemon.
         Mounting FUSE Control File System...
         Starting Apply Kernel Variables...
         Starting Create Static Device Nodes in /dev...
         Starting Load/Save Random Seed...
         Starting udev Coldplug all Devices...
         Starting Flush Journal to Persistent Storage...
[[0;32m  OK  [0m] Mounted FUSE Control File System.
[[0;32m  OK  [0m] Started Apply Kernel Variables.
[[0;32m  OK  [0m] Started Load/Save Random Seed.
[[0;32m  OK  [0m] Started Create Static Device Nodes in /dev.
[[0;32m  OK  [0m] Started udev Coldplug all Devices.
         Starting udev Kernel Device Manager...
[[0;32m  OK  [0m] Started Monitoring of LVM2 mirrors,...ng dmeventd or progress polling.
[[0;32m  OK  [0m] Started Flush Journal to Persistent Storage.
[[0;32m  OK  [0m] Started udev Kernel Device Manager.
[[0;32m  OK  [0m] Started Dispatch Password Requests to Console Directory Watch.
[[0;32m  OK  [0m] Reached target Local File Systems (Pre).
[[0;32m  OK  [0m] Reached target Local File Systems.
         Starting LSB: AppArmor initialization...
         Starting Initial cloud-init job (pre-networking)...
         Starting Commit a transient machine-id on disk...
         Starting Create Volatile Files and Directories...
         Starting Set console font and keymap...
         Starting Tell Plymouth To Write Out Runtime Data...
[[0;32m  OK  [0m] Started Commit a transient machine-id on disk.
[[0;32m  OK  [0m] Found device /dev/ttyS0.
[[0;32m  OK  [0m] Started Create Volatile Files and Directories.
[[0;32m  OK  [0m] Started Tell Plymouth To Write Out Runtime Data.
         Starting Update UTMP about System Boot/Shutdown...
[[0;32m  OK  [0m] Listening on Load/Save RF Kill Switch Status /dev/rfkill Watch.
[[0;32m  OK  [0m] Started Update UTMP about System Boot/Shutdown.
[[0;32m  OK  [0m] Started LSB: AppArmor initialization.
[[0;32m  OK  [0m] Started Set console font and keymap.
[[0;32m  OK  [0m] Created slice system-getty.slice.
[   15.135535] cloud-init[480]: Cloud-init v. 18.2 running 'init-local' at Fri, 25 May 2018 11:38:47 +0000. Up 14.61 seconds.
[[0;32m  OK  [0m] Started Initial cloud-init job (pre-networking).
[[0;32m  OK  [0m] Reached target Network (Pre).
         Starting Raise network interfaces...
[[0;32m  OK  [0m] Started Raise network interfaces.
[[0;32m  OK  [0m] Reached target Network.
         Starting Initial cloud-init job (metadata service crawler)...
[   17.735342] cloud-init[941]: Cloud-init v. 18.2 running 'init' at Fri, 25 May 2018 11:38:48 +0000. Up 15.96 seconds.
[   17.745079] cloud-init[941]: ci-info: ++++++++++++++++++++++++++++++++++++++Net device info++++++++++++++++++++++++++++++++++++++
[   17.756972] cloud-init[941]: ci-info: +--------+-------+----------------------------+---------------+-------+-------------------+
[   17.789425] cloud-init[941]: ci-info: | Device |   Up  |          Address           |      Mask     | Scope |     Hw-Address    |
[   17.808508] cloud-init[941]: ci-info: +--------+-------+----------------------------+---------------+-------+-------------------+
[[0;32m  OK  [0m] Started Initial cloud-init job (metadata service crawler).
[   17.809039] cloud-init[941]: ci-info: | enp0s3 |  True |         10.0.2.15          | 255.255.255.0 |   .   | 02:8b:bc:1c:8c:d0 |
[   17.829365] cloud-init[941]: ci-info: | enp0s3 |  True | fe80::8b:bcff:fe1c:8cd0/64 |       .       |  link | 02:8b:bc:1c:8c:d0 |
[   17.833053] cloud-init[941]: ci-info: | enp0s8 | False |             .              |       .       |   .   | 08:00:27:76:63:e0 |
[   17.833381] cloud-init[941]: ci-info: |   lo   |  True |         127.0.0.1          |   255.0.0.0   |   .   |         .         |
[   17.833592] cloud-init[941]: ci-info: |   lo   |  True |          ::1/128           |       .       |  host |         .         |
[   17.833798] cloud-init[941]: ci-info: +--------+-------+----------------------------+---------------+-------+-------------------+
[   17.834011] cloud-init[941]: ci-info: +++++++++++++++++++++++++++Route IPv4 info++++++++++++++++++++++++++++
[   17.834212] cloud-init[941]: ci-info: +-------+-------------+----------+---------------+-----------+-------+
[   17.834436] cloud-init[941]: ci-info: | Route | Destination | Gateway  |    Genmask    | Interface | Flags |
[[0;32m  OK  [0m] Reached target System Initialization.
[   17.834641] cloud-init[941]: ci-info: +-------+-------------+----------+---------------+-----------+-------+
[   17.846580] cloud-init[941]: ci-info: |   0   |   0.0.0.0   | 10.0.2.2 |    0.0.0.0    |   enp0s3  |   UG  |
[[0;32m  OK  [0m] Listening on ACPID Listen Socket.
[   17.846788] cloud-init[941]: ci-info: |   1   |   10.0.2.0  | 0.0.0.0  | 255.255.255.0 |   enp0s3  |   U   |
[   17.889654] cloud-init[941]: ci-info: +-------+-------------+----------+---------------+-----------+-------+
[   17.890105] cloud-init[941]: Generating public/private rsa key pair.
[   17.891730] cloud-init[941]: Your identification has been saved in /etc/ssh/ssh_host_rsa_key.
[   17.892451] cloud-init[941]: Your public key has been saved in /etc/ssh/ssh_host_rsa_key.pub.
[   17.892707] cloud-init[941]: The key fingerprint is:
[   17.892940] cloud-init[941]: SHA256:6mtX/5ib2x/k438KGbrY8MXabQTS0dLIOQji4Qiov8M root@ubuntu-xenial
[   17.894291] cloud-init[941]: The key's randomart image is:
[   17.895036] cloud-init[941]: +---[RSA 2048]----+
[   17.895265] cloud-init[941]: | ..   o .. o =   |
[   17.895508] cloud-init[941]: |.  . + o  . B o  |
[   17.895751] cloud-init[941]: |.   . o    . +   |
[   17.896059] cloud-init[941]: |.         . o    |
[   17.896295] cloud-init[941]: | .      S  ... . |
[[0;32m  OK  [0m] Started Daily Cleanup of Temporary Directories.
[   17.896448] cloud-init[941]: |  .    .  .o o+  |
[   17.910390] cloud-init[941]: | . .  . ....=. + |
[[0;32m  OK  [0m] Listening on UUID daemon activation socket.
[   17.910510] cloud-init[941]: |  E  .. .= =.Bo +|
[   17.922759] cloud-init[941]: |   . .oo. = B==+=|
[[0;32m  OK  [0m] Listening on D-Bus System Message Bus Socket.
[   17.922936] cloud-init[941]: +----[SHA256]-----+
[   17.936661] cloud-init[941]: Generating public/private dsa key pair.
[   17.939130] cloud-init[941]: Your identification has been saved in /etc/ssh/ssh_host_dsa_key.
[   17.944331] cloud-init[941]: Your public key has been saved in /etc/ssh/ssh_host_dsa_key.pub.
[   17.944837] cloud-init[941]: The key fingerprint is:
[   17.945409] cloud-init[941]: SHA256:pJLQqqDCIZ0oPWxGUUH8przGAtZHB4DpR1xJ/EyGyXk root@ubuntu-xenial
[   17.945936] cloud-init[941]: The key's randomart image is:
         Starting LXD - unix socket.
[   17.946252] cloud-init[941]: +---[DSA 1024]----+
[   17.962402] cloud-init[941]: |  ==X+=          |
[   17.962949] cloud-init[941]: | o =.O E         |
[   17.963565] cloud-init[941]: |. + ..B .        |
[   17.964568] cloud-init[941]: | B = oo*         |
[   17.965178] cloud-init[941]: |=.%.+oo S        |
[   17.965790] cloud-init[941]: |B=.ooo           |
[   17.966450] cloud-init[941]: |=o ...           |
[   17.966988] cloud-init[941]: |. . +            |
[   17.967511] cloud-init[941]: |   o             |
[   17.968079] cloud-init[941]: +----[SHA256]-----+
[   17.968567] cloud-init[941]: Generating public/private ecdsa key pair.
[   17.969094] cloud-init[941]: Your identification has been saved in /etc/ssh/ssh_host_ecdsa_key.
[   17.969627] cloud-init[941]: Your public key has been saved in /etc/ssh/ssh_host_ecdsa_key.pub.
[   17.970161] cloud-init[941]: The key fingerprint is:
[   17.970468] cloud-init[941]: SHA256:MXZrrAl+dGMmc2avcpfsrWw+1BhoD4PkPLzYSCcjiYA root@ubuntu-xenial
[   17.971014] cloud-init[941]: The key's randomart image is:
[   17.971538] cloud-init[941]: +---[ECDSA 256]---+
[   17.972116] cloud-init[941]: |.                |
[   17.972607] cloud-init[941]: |E       .        |
[   17.973408] cloud-init[941]: | . . . =+...     |
[   17.973928] cloud-init[941]: |  . o +.B==..    |
[   17.974403] cloud-init[941]: |     o.BS+%+ +   |
[   17.974782] cloud-init[941]: |     .ooo& o+ .  |
[   17.975167] cloud-init[941]: |      . +  o..   |
[   17.975558] cloud-init[941]: |       .. .o*.   |
[   17.975983] cloud-init[941]: |         o.==o.  |
         Starting Socket activation for snappy daemon.
[   17.976371] cloud-init[941]: +----[SHA256]-----+
[   17.994365] cloud-init[941]: Generating public/private ed25519 key pair.
[   17.994780] cloud-init[941]: Your identification has been saved in /etc/ssh/ssh_host_ed25519_key.
[[0;32m  OK  [0m] Started ACPI Events Check.
[   17.994996] cloud-init[941]: Your public key has been saved in /etc/ssh/ssh_host_ed25519_key.pub.
[   18.013053] cloud-init[941]: The key fingerprint is:
[   18.013452] cloud-init[941]: SHA256:nXaWVOCyJb7JxGAaluIR2xFQ9zUfApr+5CxBEho2VhE root@ubuntu-xenial
[   18.013915] cloud-init[941]: The key's randomart image is:
[   18.014653] cloud-init[941]: +--[ED25519 256]--+
[[0;32m  OK  [0m] Reached target Paths.
[   18.014779] cloud-init[941]: |    B+E+. ..=.o  |
[   18.020646] cloud-init[941]: |   o B = + o = . |
[   18.020901] cloud-init[941]: |    = * * + + .  |
[   18.021118] cloud-init[941]: |   . + B = B .   |
[   18.021331] cloud-init[941]: |    . . S X +    |
[   18.021544] cloud-init[941]: |         X =     |
[   18.021757] cloud-init[941]: |        . B      |
[   18.021971] cloud-init[941]: |         .       |
[   18.022190] cloud-init[941]: |                 |
[   18.022415] cloud-init[941]: +----[SHA256]-----+
[[0;32m  OK  [0m] Started Daily apt download activities.
[[0;32m  OK  [0m] Started Daily apt upgrade and clean activities.
[[0;32m  OK  [0m] Reached target Timers.
[[0;32m  OK  [0m] Reached target Cloud-config availability.
[[0;32m  OK  [0m] Reached target Network is Online.
         Starting iSCSI initiator daemon (iscsid)...
[[0;32m  OK  [0m] Listening on LXD - unix socket.
[[0;32m  OK  [0m] Listening on Socket activation for snappy daemon.
[[0;32m  OK  [0m] Reached target Sockets.
[[0;32m  OK  [0m] Reached target Basic System.
         Starting Pollinate to seed the pseudo random number generator...
         Starting Virtualbox guest utils...
         Starting /etc/rc.local Compatibility...
[[0;32m  OK  [0m] Started Regular background program processing daemon.
         Starting LXD - container startup/shutdown...
         Starting Accounts Service...
         Starting Apply the settings specified in cloud-config...
         Starting System Logging Service...
[[0;32m  OK  [0m] Started ACPI event daemon.
         Starting Snappy daemon...
[[0;32m  OK  [0m] Started FUSE filesystem for LXC.
         Starting LSB: Record successful boot for GRUB...
[[0;32m  OK  [0m] Started Deferred execution scheduler.
         Starting LSB: MD monitoring daemon...
[[0;32m  OK  [0m] Started D-Bus System Message Bus.
         Starting Login Service...
[[0;32m  OK  [0m] Started Unattended Upgrades Shutdown.
[[0;32m  OK  [0m] Started System Logging Service.
[[0;32m  OK  [0m] Started /etc/rc.local Compatibility.
[[0;32m  OK  [0m] Started iSCSI initiator daemon (iscsid).
         Starting Login to default iSCSI targets...
[[0;32m  OK  [0m] Started Login Service.
[[0;32m  OK  [0m] Started LSB: Record successful boot for GRUB.
[   19.353129] cloud-init[1048]: Generating locales (this might take a while)...
[[0;32m  OK  [0m] Started Login to default iSCSI targets.
[[0;32m  OK  [0m] Reached target Remote File Systems (Pre).
[[0;32m  OK  [0m] Reached target Remote File Systems.
         Starting LSB: daemon to balance interrupts for SMP systems...
         Starting LSB: automatic crash report generation...
         Starting Permit User Sessions...
         Starting LSB: Set the CPU Frequency Scaling governor to "ondemand"...
         Starting Authenticate and Authorize Users to Run Privileged Tasks...
[[0;32m  OK  [0m] Started LSB: MD monitoring daemon.
[[0;32m  OK  [0m] Started Permit User Sessions.
         Starting Terminate Plymouth Boot Screen...
         Starting Hold until boot process finishes up...
[[0;32m  OK  [0m] Started LSB: daemon to balance interrupts for SMP systems.
[[0;32m  OK  [0m] Started LSB: automatic crash report generation.
[[0;32m  OK  [0m] Started Virtualbox guest utils.
[[0;32m  OK  [0m] Started LSB: Set the CPU Frequency Scaling governor to "ondemand".
[[0;32m  OK  [0m] Started Terminate Plymouth Boot Screen.
[[0;32m  OK  [0m] Started Hold until boot process finishes up.
[[0;32m  OK  [0m] Started Authenticate and Authorize Users to Run Privileged Tasks.
[[0;32m  OK  [0m] Started Accounts Service.
         Starting Set console scheme...
[[0;32m  OK  [0m] Started Serial Getty on ttyS0.
[[0;32m  OK  [0m] Started Getty on tty1.
[[0;32m  OK  [0m] Reached target Login Prompts.
[[0;32m  OK  [0m] Started Set console scheme.
[[0;32m  OK  [0m] Started Snappy daemon.
[[0;32m  OK  [0m] Started LXD - container startup/shutdown.
[   21.133921] cloud-init[1048]:   en_US.UTF-8... done
[   21.142607] cloud-init[1048]: Generation complete.
[   22.017829] cloud-init[1048]: Cloud-init v. 18.2 running 'modules:config' at Fri, 25 May 2018 11:38:51 +0000. Up 18.61 seconds.
[[0;32m  OK  [0m] Started Apply the settings specified in cloud-config.

Ubuntu 16.04.4 LTS ubuntu-xenial ttyS0

ubuntu-xenial login: ci-info: no authorized ssh keys fingerprints found for user ubuntu.
<14>May 25 11:39:00 ec2: 
<14>May 25 11:39:00 ec2: #############################################################
<14>May 25 11:39:00 ec2: -----BEGIN SSH HOST KEY FINGERPRINTS-----
<14>May 25 11:39:00 ec2: 1024 SHA256:pJLQqqDCIZ0oPWxGUUH8przGAtZHB4DpR1xJ/EyGyXk root@ubuntu-xenial (DSA)
<14>May 25 11:39:00 ec2: 256 SHA256:MXZrrAl+dGMmc2avcpfsrWw+1BhoD4PkPLzYSCcjiYA root@ubuntu-xenial (ECDSA)
<14>May 25 11:39:00 ec2: 256 SHA256:nXaWVOCyJb7JxGAaluIR2xFQ9zUfApr+5CxBEho2VhE root@ubuntu-xenial (ED25519)
<14>May 25 11:39:00 ec2: 2048 SHA256:6mtX/5ib2x/k438KGbrY8MXabQTS0dLIOQji4Qiov8M root@ubuntu-xenial (RSA)
<14>May 25 11:39:00 ec2: -----END SSH HOST KEY FINGERPRINTS-----
<14>May 25 11:39:00 ec2: #############################################################
-----BEGIN SSH HOST KEY KEYS-----
ecdsa-sha2-nistp256 AAAAE2VjZHNhLXNoYTItbmlzdHAyNTYAAAAIbmlzdHAyNTYAAABBBNUZQBctfFqVYxCobBqbNXCYvlp3/efNjSTiub0cfg8qUH2IrhrRYwIeoAGanLnL52MbBnQJV2AB5W27/rQr5Ic= root@ubuntu-xenial
ssh-ed25519 AAAAC3NzaC1lZDI1NTE5AAAAIEmhNXJJ3Z0/Pjaf+c09ymBRSfwAqrAAsTobLooNr31s root@ubuntu-xenial
ssh-rsa AAAAB3NzaC1yc2EAAAADAQABAAABAQDAJsxeJWMB55U9ql3QMFR4mX5rWcW++aMTUntVSqOLOTMou1jxdo/pXMMi4HquLRZ//FVU8ikNXD3DAWbYjFcHVdXcTne7QMt5XGDzleQsjr4bpuI72/bVaJTp3QMg71zCebAfWazLIlxAI5yNh7P1nbqdv0nb09pe9k/tcX5r8vo8G0WZJtF7O/2g1mMmhfcctA6ZbiT2U6s+RuPmSnrmmT7WP+fVdN6ZEQ/TwVgmXpb39joDxURGY2J8tmFbviX0ajpnV6F9bBYEI3lgAdCtr8Ct6yZCN7xdwuCMxynDaZkULLg+ZqwgcGg1ouNqCLLGItmnebYmWh06Hhd4JKt5 root@ubuntu-xenial
-----END SSH HOST KEY KEYS-----
[   27.478864] cloud-init[1297]: Cloud-init v. 18.2 running 'modules:final' at Fri, 25 May 2018 11:38:59 +0000. Up 27.13 seconds.
[   27.479179] cloud-init[1297]: ci-info: no authorized ssh keys fingerprints found for user ubuntu.
[   27.479385] cloud-init[1297]: Cloud-init v. 18.2 finished at Fri, 25 May 2018 11:39:00 +0000. Datasource DataSourceNoCloud [seed=/dev/sdb][dsmode=net].  Up 27.46 seconds
